<?xml version="1.0" encoding="UTF-8"?>
<!-- Generated by org.testng.reporters.JUnitReportReporter -->
<testsuite skipped="0" hostname="DESKTOP-J0DQ7VP" name="com.mproject.TestNg_Task" tests="5" failures="0" timestamp="2022-01-06T13:16:44 PST" time="20.504" errors="0">
  <testcase name="openfacebookpage" time="3.440" classname="com.mproject.TestNg_Task"/>
  <system-out/>
  <testcase name="quitbrowser" time="1.025" classname="com.mproject.TestNg_Task"/>
  <system-out/>
  <testcase name="openBrowser" time="14.556" classname="com.mproject.TestNg_Task"/>
  <system-out/>
  <testcase name="openfacebookpage" time="0.783" classname="com.mproject.TestNg_Task"/>
  <system-out/>
  <testcase name="openfacebookpage" time="0.700" classname="com.mproject.TestNg_Task"/>
  <system-out/>
</testsuite> <!-- com.mproject.TestNg_Task -->
